[debug] [2021-05-09T17:23:05.416Z] ----------------------------------------------------------------------
[debug] [2021-05-09T17:23:05.418Z] Command:       C:\Program Files\nodejs\node.exe C:\Users\oscar\AppData\Roaming\npm\node_modules\firebase-tools\lib\bin\firebase.js init
[debug] [2021-05-09T17:23:05.419Z] CLI Version:   9.9.0
[debug] [2021-05-09T17:23:05.419Z] Platform:      win32
[debug] [2021-05-09T17:23:05.419Z] Node Version:  v12.18.3
[debug] [2021-05-09T17:23:05.420Z] Time:          Sun May 09 2021 12:23:05 GMT-0500 (GMT-05:00)
[debug] [2021-05-09T17:23:05.420Z] ----------------------------------------------------------------------
[debug] 
[debug] [2021-05-09T17:23:05.428Z] > command requires scopes: ["email","openid","https://www.googleapis.com/auth/cloudplatformprojects.readonly","https://www.googleapis.com/auth/firebase","https://www.googleapis.com/auth/cloud-platform"]
[debug] [2021-05-09T17:23:05.428Z] > authorizing via signed-in user (kairox.rt@gmail.com)
[info] 
     ######## #### ########  ######## ########     ###     ######  ########
     ##        ##  ##     ## ##       ##     ##  ##   ##  ##       ##
     ######    ##  ########  ######   ########  #########  ######  ######
     ##        ##  ##    ##  ##       ##     ## ##     ##       ## ##
     ##       #### ##     ## ######## ########  ##     ##  ######  ########

You're about to initialize a Firebase project in this directory:

  C:\Users\oscar\OneDrive\Escritorio\proyecto inteligencia\sudokuAngular

Before we get started, keep in mind:

  * You are initializing in an existing Firebase project directory

[info] 
=== Project Setup
[info] 
[info] First, let's associate this project directory with a Firebase project.
[info] You can create multiple project aliases by running firebase use --add, 
[info] but for now we'll just set up a default project.
[info] 
[info] i  .firebaserc already has a default project, using sudokusolver-a5465. 
[debug] [2021-05-09T17:23:17.966Z] > refreshing access token with scopes: []
[debug] [2021-05-09T17:23:17.966Z] >>> HTTP REQUEST POST https://www.googleapis.com/oauth2/v3/token  
 <request body omitted>
[debug] [2021-05-09T17:23:18.240Z] <<< HTTP RESPONSE 200 {"cache-control":"no-cache, no-store, max-age=0, must-revalidate","date":"Sun, 09 May 2021 17:23:17 GMT","pragma":"no-cache","expires":"Mon, 01 Jan 1990 00:00:00 GMT","content-type":"application/json; charset=utf-8","vary":"X-Origin, Referer, Origin,Accept-Encoding","server":"scaffolding on HTTPServer2","x-xss-protection":"0","x-frame-options":"SAMEORIGIN","x-content-type-options":"nosniff","alt-svc":"h3-29=\":443\"; ma=2592000,h3-T051=\":443\"; ma=2592000,h3-Q050=\":443\"; ma=2592000,h3-Q046=\":443\"; ma=2592000,h3-Q043=\":443\"; ma=2592000,quic=\":443\"; ma=2592000; v=\"46,43\"","accept-ranges":"none","transfer-encoding":"chunked"}
[debug] [2021-05-09T17:23:18.253Z] >>> [apiv2][query] GET https://firebase.googleapis.com/v1beta1/projects/sudokusolver-a5465 [none]
[debug] [2021-05-09T17:23:18.634Z] <<< [apiv2][status] GET https://firebase.googleapis.com/v1beta1/projects/sudokusolver-a5465 200
[debug] [2021-05-09T17:23:18.634Z] <<< [apiv2][body] GET https://firebase.googleapis.com/v1beta1/projects/sudokusolver-a5465 {"projectId":"sudokusolver-a5465","projectNumber":"1023686229304","displayName":"sudokuSolver","name":"projects/sudokusolver-a5465","resources":{"hostingSite":"sudokusolver-a5465"},"state":"ACTIVE"}
[info] 
=== Hosting Setup
[info] 
[info] Your public directory is the folder (relative to your project directory) that
[info] will contain Hosting assets to be uploaded with firebase deploy. If you
[info] have a build process for your assets, use your build's output directory.
[info] 
